# !SESSION 2019-04-23 13:50:09.955
# version: 1.1
# verbose: true
# The following option strings are specified for this debug session:
# 	null
| Worker-13 | 2019-04-23 13:50:09.955 | com.iar.ide.common | /debug | com.iar.ide.common.logging.Logger | traceFile | 194 | SDK location does not exist: null |
# !SESSION 2019-04-25 13:05:28.707
# version: 1.1
# verbose: true
# The following option strings are specified for this debug session:
# 	null
| Worker-8 | 2019-04-25 13:05:28.707 | com.iar.ide.common | /debug | com.iar.ide.common.logging.Logger | traceFile | 194 | SDK location does not exist: null |
# !SESSION 2019-04-30 13:25:32.672
# version: 1.1
# verbose: true
# The following option strings are specified for this debug session:
# 	null
| Worker-2 | 2019-04-30 13:25:32.672 | com.iar.ide.common | /debug | com.iar.ide.common.logging.Logger | traceFile | 194 | SDK location does not exist: null |
# !SESSION 2019-04-30 13:33:14.415
# version: 1.1
# verbose: true
# The following option strings are specified for this debug session:
# 	null
| Worker-1 | 2019-04-30 13:33:14.415 | com.iar.ide.common | /debug | com.iar.ide.common.logging.Logger | traceFile | 194 | SDK location does not exist: null |
# !SESSION 2019-04-30 15:19:41.185
# version: 1.1
# verbose: true
# The following option strings are specified for this debug session:
# 	null
| Worker-3 | 2019-04-30 15:19:41.185 | com.iar.ide.common | /debug | com.iar.ide.common.logging.Logger | traceFile | 194 | SDK location does not exist: null |
# !SESSION 2019-04-30 15:22:36.760
# version: 1.1
# verbose: true
# The following option strings are specified for this debug session:
# 	null
| Worker-2 | 2019-04-30 15:22:36.760 | com.iar.ide.common | /debug | com.iar.ide.common.logging.Logger | traceFile | 194 | SDK location does not exist: null |
